  pch.cpp
  dllmain.cpp
  IcsClient.cpp
  IcsClientLoUnloader.cpp
  IcsClientTester.cpp
  IcsCommunicator.cpp
  IcsRemote.cpp
  IcsRemoteEes.cpp
c:\ees\#lt_sem_trinityline_ics-main\#github\lt_sem_trinityline_ics\lib_ics\ltics_lib\ltics_comm\include\xml3all.h(44): warning C4091: 'typedef ': 변수를 선언하지 않으면 'XML3::XML_ERROR' 왼쪽은 무시됩니다.
c:\ees\#lt_sem_trinityline_ics-main\#github\lt_sem_trinityline_ics\lib_ics\ltics_lib\ltics_comm\include\xml3all.h(54): warning C4091: 'typedef ': 변수를 선언하지 않으면 'XML3::XML_PARSE' 왼쪽은 무시됩니다.
c:\ees\#lt_sem_trinityline_ics-main\#github\lt_sem_trinityline_ics\lib_ics\ltics_lib\ltics_comm\include\xml3all.h(2466): warning C4091: 'typedef ': 변수를 선언하지 않으면 'XML3::XML::Parse::PARSEELEMENT' 왼쪽은 무시됩니다.
  IcsRemoteLoUnloader.cpp
  IcsRemoteTester.cpp
  IcsRequestArgs.cpp
  IcsTcpServer.cpp
  코드를 생성하고 있습니다...
  Markup.cpp
     C:\EES\#LT_SEM_TrinityLine_ICS-main\#Github\LT_SEM_TrinityLine_ICS\Lib_ICS\ltics_lib\ltics_comm\x64\Debug\ltics_commd.lib 라이브러리 및 C:\EES\#LT_SEM_TrinityLine_ICS-main\#Github\LT_SEM_TrinityLine_ICS\Lib_ICS\ltics_lib\ltics_comm\x64\Debug\ltics_commd.exp 개체를 생성하고 있습니다.
  ltics_comm.vcxproj -> C:\EES\#LT_SEM_TrinityLine_ICS-main\#Github\LT_SEM_TrinityLine_ICS\Lib_ICS\ltics_lib\ltics_comm\x64\Debug\ltics_commd.dll
  하위 디렉터리 또는 파일 ..\..\lib\x64\lib이(가) 이미 있습니다.
  하위 디렉터리 또는 파일 ..\..\lib\x64\bin이(가) 이미 있습니다.
  하위 디렉터리 또는 파일 ..\..\lib\include\Comm이(가) 이미 있습니다.
  하위 디렉터리 또는 파일 ..\..\lib\include\Event이(가) 이미 있습니다.
  C:\EES\#LT_SEM_TrinityLine_ICS-main\#Github\LT_SEM_TrinityLine_ICS\Lib_ICS\ltics_lib\ltics_comm\x64\Debug\ltics_commd.dll
  1개 파일이 복사되었습니다.
  C:\EES\#LT_SEM_TrinityLine_ICS-main\#Github\LT_SEM_TrinityLine_ICS\Lib_ICS\ltics_lib\ltics_comm\x64\Debug\ltics_commd.lib
  1개 파일이 복사되었습니다.
  include\Comm\IcsClient.h
  include\Comm\IcsClientLoUnloader.h
  include\Comm\IcsClientTester.h
  include\Comm\IcsCommArgs.h
  include\Comm\IcsCommError.h
  include\Comm\IcsCommunicator.h
  include\Comm\IcsRemote.h
  include\Comm\IcsRemoteEes.h
  include\Comm\IcsRemoteLoUnloader.h
  include\Comm\IcsRemoteTester.h
  include\Comm\IcsRequestArgs.h
  include\Comm\IcsRequestTypedArgs.h
  include\Comm\IcsTcpServer.h
  13개 파일이 복사되었습니다.
  include\Event\IcsCommEvent.h
  include\Event\IcsCommEventEes.h
  2개 파일이 복사되었습니다.
