  Dialgo_Base.cpp
  EditEx.cpp
  HexEdit.cpp
  LogOutput.cpp
  OScopeCtrl.cpp
  ProgressWnd.cpp
  SortListCtrl.cpp
  SpeedListCtrl.cpp
  SplashScreenEx.cpp
  ChMonCtrl.cpp
  GroupLogWnd.cpp
  MonStatic.cpp
  VGBase.cpp
  VGBase_Content.cpp
  VGBase_Panel.cpp
  VGBase_Static.cpp
c:\ees\#lt_sem_trinityline_ics-main\#github\lt_sem_trinityline_ics\customctrl\oscopectrl.cpp(180): warning C4312: '형식 캐스트': 'UINT'에서 더 큰 'HMENU'(으)로의 변환입니다.
  VGButton.cpp
  VGCtrlBase.cpp
  VGGroupWnd.cpp
  VGProgressBar.cpp
  VGProgressBar_Base.cpp
  VGProgressBar_Variable.cpp
  VGProgressBar_Variable_Base.cpp
  VGStatic.cpp
  VS2008Panel.cpp
  VS2008PanelBase.cpp
  VS2008PanelContent.cpp
  CustomCtrl.vcxproj -> C:\EES\#LT_SEM_TrinityLine_ICS-main\#Github\LT_SEM_TrinityLine_ICS\x64\Unicode Debug\CustomCtrl_d.lib
