  pch.cpp
  dllmain.cpp
  Communicator.cpp
  SerialCommunicator.cpp
  SocketCommunicator.cpp
  TcpCommunicator.cpp
  UdpCommunicator.cpp
  Exception.cpp
  Win32Exception.cpp
  DebugLogDispatcher.cpp
  DebugLoggerHolder.cpp
  LogData.cpp
  LogDispatcher.cpp
  Logger.cpp
  BasicTimer.cpp
  FileFinder.cpp
  코드를 생성하고 있습니다...
     C:\EES\#LT_SEM_TrinityLine_ICS-main\#Github\LT_SEM_TrinityLine_ICS\Lib_ICS\ltics_lib\ltics_base\x64\Debug\ltics_based.lib 라이브러리 및 C:\EES\#LT_SEM_TrinityLine_ICS-main\#Github\LT_SEM_TrinityLine_ICS\Lib_ICS\ltics_lib\ltics_base\x64\Debug\ltics_based.exp 개체를 생성하고 있습니다.
  ltics_base.vcxproj -> C:\EES\#LT_SEM_TrinityLine_ICS-main\#Github\LT_SEM_TrinityLine_ICS\Lib_ICS\ltics_lib\ltics_base\x64\Debug\ltics_based.dll
  하위 디렉터리 또는 파일 ..\..\lib\x64\lib이(가) 이미 있습니다.
  하위 디렉터리 또는 파일 ..\..\lib\x64\bin이(가) 이미 있습니다.
  하위 디렉터리 또는 파일 ..\..\lib\include이(가) 이미 있습니다.
  C:\EES\#LT_SEM_TrinityLine_ICS-main\#Github\LT_SEM_TrinityLine_ICS\Lib_ICS\ltics_lib\ltics_base\x64\Debug\ltics_based.dll
  1개 파일이 복사되었습니다.
  C:\EES\#LT_SEM_TrinityLine_ICS-main\#Github\LT_SEM_TrinityLine_ICS\Lib_ICS\ltics_lib\ltics_base\x64\Debug\ltics_based.lib
  1개 파일이 복사되었습니다.
  include\ltics_type.h
  include\TypeDecl.h
  include\Comm\CommData.h
  include\Comm\CommOption.h
  include\Comm\Communicator.h
  include\Comm\ICommunicator.h
  include\Comm\SerialCommOption.h
  include\Comm\SerialCommunicator.h
  include\Comm\SocketCommOption.h
  include\Comm\SocketCommunicator.h
  include\Comm\TcpCommunicator.h
  include\Comm\UdpCommunicator.h
  include\Enumerator\EnumerableContainerIterator.hpp
  include\Enumerator\Enumerator.hpp
  include\Enumerator\IEnumerableContainer.h
  include\Enumerator\IEnumerator.h
  include\Event\BasicEventNotifier.hpp
  include\Event\CancellableEventArgs.hpp
  include\Event\CancellableEventNotifier.hpp
  include\Event\EmptyArgs.h
  include\Event\EventArgs.hpp
  include\Event\EventFnListener.hpp
  include\Event\EventMfnListener.hpp
  include\Event\EventNotifier.hpp
  include\Event\ICancellableEventArgs.h
  include\Event\IEventArgs.h
  include\Event\IEventListener.h
  include\Event\IEventNotifier.h
  include\Exception\Exception.h
  include\Exception\Win32Exception.h
  include\Logger\DebugLogDispatcher.h
  include\Logger\DebugLoggerHolder.h
  include\Logger\IDebugLogDispatcher.h
  include\Logger\ILogData.h
  include\Logger\ILogDispatcher.h
  include\Logger\ILoggable.h
  include\Logger\ILogger.h
  include\Logger\LogData.h
  include\Logger\LogDispatcher.h
  include\Logger\LogFilter.h
  include\Logger\Logger.h
  include\Logger\LogLevel.h
  include\Util\BasicTimer.h
  include\Util\FileFinder.h
  include\Util\FileUtil.hpp
  include\Util\MemoryUtil.hpp
  include\Util\StringUtil.hpp
  include\Util\SyncUtil.hpp
  48개 파일이 복사되었습니다.
